0 info it worked if it ends with ok
1 verbose cli [ 'node', '/usr/local/bin/npm', 'start', '--production' ]
2 info using npm@2.7.1
3 info using node@v0.10.30
4 verbose run-script [ 'prestart', 'start', 'poststart' ]
5 info prestart ghost@0.5.7
6 info start ghost@0.5.7
7 verbose unsafe-perm in lifecycle true
8 info ghost@0.5.7 Failed to exec start script
9 verbose stack Error: ghost@0.5.7 start: `node index`
9 verbose stack Exit status 255
9 verbose stack     at EventEmitter.<anonymous> (/usr/local/lib/node_modules/npm/lib/utils/lifecycle.js:213:16)
9 verbose stack     at EventEmitter.emit (events.js:98:17)
9 verbose stack     at ChildProcess.<anonymous> (/usr/local/lib/node_modules/npm/lib/utils/spawn.js:14:12)
9 verbose stack     at ChildProcess.emit (events.js:98:17)
9 verbose stack     at maybeClose (child_process.js:756:16)
9 verbose stack     at Process.ChildProcess._handle.onexit (child_process.js:823:5)
10 verbose pkgid ghost@0.5.7
11 verbose cwd /simonopitz.me
12 error Linux 3.10.0-123.13.2.el7.x86_64
13 error argv "node" "/usr/local/bin/npm" "start" "--production"
14 error node v0.10.30
15 error npm  v2.7.1
16 error code ELIFECYCLE
17 error ghost@0.5.7 start: `node index`
17 error Exit status 255
18 error Failed at the ghost@0.5.7 start script 'node index'.
18 error This is most likely a problem with the ghost package,
18 error not with npm itself.
18 error Tell the author that this fails on your system:
18 error     node index
18 error You can get their info via:
18 error     npm owner ls ghost
18 error There is likely additional logging output above.
19 verbose exit [ 1, true ]
